
============================================================
TASK369 HTTP DIAGNOSTICS
============================================================
BASE_URL: http://localhost:8080
TIMESTAMP: 20260608220102

============================================================
HEALTH CHECK
============================================================
REQUEST: GET http://localhost:8080/health
RESPONSE:
{
  "status": "ok",
  "db": true
}

============================================================
DASHBOARD
============================================================
{
  "categories": [
    {
      "id": 18,
      "name": "AI Skills",
      "icon": "🤖",
      "avatar": "🛰️",
      "colorA": "#6366f1",
      "colorB": "#22d3ee",
      "done": 0,
      "total": 18,
      "progress": 0,
      "status": "Starting"
    },
    {
      "id": 1,
      "name": "Career",
      "icon": "💼",
      "avatar": "🧑‍💼",
      "colorA": "#4f46e5",
      "colorB": "#06b6d4",
      "done": 0,
      "total": 18,
      "progress": 0,
      "status": "Starting"
    },
    {
      "id": 14,
      "name": "Coding",
      "icon": "💻",
      "avatar": "👨‍💻",
      "colorA": "#3b82f6",
      "colorB": "#a855f7",
      "done": 0,
      "total": 18,
      "progress": 0,
      "status": "Starting"
    },
    {
      "id": 8,
      "name": "Communication",
      "icon": "🗣",
      "avatar": "🎤",
      "colorA": "#06b6d4",
      "colorB": "#3b82f6",
      "done": 0,
      "total": 18,
      "progress": 0,
      "status": "Starting"
    },
    {
      "id": 17,
      "name": "Content Creation",
      "icon": "🎥",
      "avatar": "📹",
      "colorA": "#f43f5e",
      "colorB": "#8b5cf6",
      "done": 0,
      "total": 18,
      "progress": 0,
      "status": "Starting"
    },
    {
      "id": 16,
      "name": "Creativity",
      "icon": "🎨",
      "avatar": "🖌️",
      "colorA": "#ec4899",
      "colorB": "#f97316",
      "done": 0,
      "total": 18,
      "progress": 0,
      "status": "Starting"
    },
    {
      "id": 13,
      "name": "Cybersecurity",
      "icon": "🛡",
      "avatar": "🔐",
      "colorA": "#22d3ee",
      "colorB": "#3b82f6",
      "done": 0,
      "total": 18,
      "progress": 0,
      "status": "Starting"
    },
    {
      "id": 7,
      "name": "Family",
      "icon": "👨‍👩‍👧",
      "avatar": "🏠",
      "colorA": "#0d9488",
      "colorB": "#84cc16",
      "done": 0,
      "total": 18,
      "progress": 0,
      "status": "Starting"
    },
    {
      "id": 2,
      "name": "Finance",
      "icon": "💰",
      "avatar": "🧾",
      "colorA": "#0ea5e9",
      "colorB": "#22c55e",
      "done": 0,
      "total": 18,
      "progress": 0,
      "status": "Starting"
    },
    {
      "id": 4,
      "name": "Fitness",
      "icon": "💪",
      "avatar": "🏋️",
      "colorA": "#ef4444",
      "colorB": "#f59e0b",
      "done": 0,
      "total": 18,
      "progress": 0,
      "status": "Starting"
    },
    {
      "id": 11,
      "name": "Goals",
      "icon": "🎯",
      "avatar": "🚩",
      "colorA": "#10b981",
      "colorB": "#84cc16",
      "done": 0,
      "total": 18,
      "progress": 0,
      "status": "Starting"
    },
    {
      "id": 10,
      "name": "Journaling",
      "icon": "✍",
      "avatar": "📝",
      "colorA": "#f59e0b",
      "colorB": "#fb923c",
      "done": 0,
      "total": 18,
      "progress": 0,
      "status": "Starting"
    },
    {
      "id": 3,
      "name": "Learning",
      "icon": "🧠",
      "avatar": "🧑‍🎓",
      "colorA": "#f97316",
      "colorB": "#eab308",
      "done": 0,
      "total": 18,
      "progress": 0,
      "status": "Starting"
    },
    {
      "id": 12,
      "name": "Productivity",
      "icon": "🚀",
      "avatar": "⚡",
      "colorA": "#0ea5e9",
      "colorB": "#6366f1",
      "done": 0,
      "total": 18,
      "progress": 0,
      "status": "Starting"
    },
    {
      "id": 9,
      "name": "Reading",
      "icon": "📚",
      "avatar": "📖",
      "colorA": "#14b8a6",
      "colorB": "#22d3ee",
      "done": 0,
      "total": 18,
      "progress": 0,
      "status": "Starting"
    },
    {
      "id": 6,
      "name": "Relationships",
      "icon": "❤️",
      "avatar": "🤝",
      "colorA": "#f43f5e",
      "colorB": "#fb7185",
      "done": 0,
      "total": 18,
      "progress": 0,
      "status": "Starting"
    },
    {
      "id": 19,
      "name": "Self Improvement",
      "icon": "🏆",
      "avatar": "🧭",
      "colorA": "#22c55e",
      "colorB": "#f59e0b",
      "done": 0,
      "total": 18,
      "progress": 0,
      "status": "Starting"
    },
    {
      "id": 20,
      "name": "Sleep Optimization",
      "icon": "😴",
      "avatar": "🌙",
      "colorA": "#1d4ed8",
      "colorB": "#7c3aed",
      "done": 0,
      "total": 18,
      "progress": 0,
      "status": "Starting"
    },
    {
      "id": 5,
      "name": "Spirituality",
      "icon": "🧘",
      "avatar": "🌌",
      "colorA": "#8b5cf6",
      "colorB": "#ec4899",
      "done": 0,
      "total": 18,
      "progress": 0,
      "status": "Starting"
    },
    {
      "id": 15,
      "name": "Travel",
      "icon": "🌍",
      "avatar": "✈️",
      "colorA": "#06b6d4",
      "colorB": "#14b8a6",
      "done": 0,
      "total": 18,
      "progress": 0,
      "status": "Starting"
    }
  ],
  "totals": {
    "completed": 0,
    "total": 360,
    "percent": 0,
    "xp": 0,
    "level": "Novice",
    "streaks": {
      "daily": 0,
      "weekly": 0,
      "monthly": 0
    }
  }
}

============================================================
DERIVED CATEGORY
============================================================
CATEGORY_ID=18

============================================================
PLANNER (NEW ENDPOINT)
============================================================
REQUEST: GET http://localhost:8080/api/life-category/planner?date=2026-06-08
RESPONSE:
{
  "date": "2026-06-08",
  "morning": [
    "",
    "",
    ""
  ],
  "afternoon": [
    "",
    "",
    "",
    "",
    "",
    ""
  ],
  "night": [
    "",
    "",
    "",
    "",
    "",
    "",
    "",
    "",
    ""
  ]
}

============================================================
PLANNER (LEGACY ENDPOINT CHECK)
============================================================
REQUEST: GET http://localhost:8080/api/planner?date=2026-06-08
EXIT_CODE: 0
RESPONSE:
<!doctype html>
<html lang="en" data-theme="dark">
  <head>
    <meta charset="UTF-8" />
    <meta name="viewport" content="width=device-width, initial-scale=1.0" />
    <title>Task369 - Local First Dashboard</title>
    <link rel="stylesheet" href="/theme-dark.css" />
    <link rel="stylesheet" href="/theme-light.css" />
    <link rel="stylesheet" href="/styles.css" />
  </head>
  <body>
    <div class="bg-orb orb-a"></div>
    <div class="bg-orb orb-b"></div>
    <div class="bg-grid"></div>

    <div class="app-shell">
      <aside class="sidebar glass">
        <div class="brand">
          <div class="brand-icon">T369</div>
          <div>
            <h1>Task369</h1>
            <p>Productivity Command Center</p>
          </div>
        </div>

        <nav id="menu" class="menu">
          <button class="menu-btn active" data-view="dashboard">Dashboard</button>
          <button class="menu-btn" data-view="dashboard" data-dashboard-tab-target="personal">Personal Tasks</button>
          <button class="menu-btn" data-view="dashboard" data-dashboard-tab-target="professional">Professional Tasks</button>
          <button class="menu-btn" data-view="lifeCategory">Life Category</button>
          <button class="menu-btn" data-view="professional">Team & Vacation</button>
          <button class="menu-btn" data-view="focus">Focus Timer</button>
          <button class="menu-btn" data-view="progress">Progress</button>
          <button class="menu-btn" data-view="completedTasks">Completed Tasks</button>
          <button class="menu-btn" data-view="settings">Settings</button>
        </nav>

        <div class="xp-widget glass-soft">
          <p class="muted">Current Level</p>
          <h2 id="levelName">Novice</h2>
          <p id="xpTotal">0 XP</p>
          <div class="streak-grid">
            <div><span id="dailyStreak">0</span><small>Daily</small></div>
            <div><span id="weeklyStreak">0</span><small>Weekly</small></div>
            <div><span id="monthlyStreak">0</span><small>Monthly</small></div>
          </div>
        </div>
      </aside>

      <main class="content">
        <header class="topbar glass">
          <div>
            <h2 id="viewTitle">Dashboard</h2>
            <p id="viewSubtitle">Build your life with the 3-6-9 rhythm.</p>
          </div>
          <div class="top-actions">
            <div id="overallProgress" class="progress-pill">0% complete</div>
          </div>
        </header>

        <section id="dashboardView" class="view active">
          <div class="panel glass">
            <div class="panel-head">
              <h3>Task Search</h3>
              <div class="filter-row">
                <input id="dashboardTaskSearch" placeholder="Search title, keyword, status, assigned user" />
                <button id="clearDashboardTaskSearch" class="ghost" type="button">Clear</button>
              </div>
            </div>
          </div>

          <div class="dashboard-tabs">
            <button class="sub-tab-btn active" data-dashboard-tab="personal">Personal Tasks</button>
            <button class="sub-tab-btn" data-dashboard-tab="professional">Professional Tasks</button>
          </div>

          <div id="dashboardPersonalPanel" class="dashboard-tab-panel active">
            <div class="summary-grid" id="personalSummaryCards"></div>

            <div class="panel glass">
              <div class="panel-head">
                <h3>Personal Task Manager</h3>
                <div class="filter-row">
                  <select id="personalSeverityFilter">
                    <option value="">All Severity</option>
                    <option value="high">High</option>
                    <option value="medium">Medium</option>
                    <option value="low">Low</option>
                  </select>
                  <select id="personalStatusFilter">
                    <option value="">All Status</option>
                    <option value="pending">Pending</option>
                    <option value="in_progress">In Progress</option>
                    <option value="completed">Completed</option>
                  </select>
                  <button id="refreshPersonalTasksBtn" class="ghost">Refresh</button>
                </div>
              </div>

              <form id="personalTaskForm" class="task-form-grid">
                <input id="personalTitle" placeholder="Task title" required />
                <select id="personalCategory" required></select>
                <textarea id="personalDescription" placeholder="Description"></textarea>
                <select id="personalSeverity" required>
                  <option value="high">High</option>
                  <option value="medium" selected>Medium</option>
                  <option value="low">Low</option>
                </select>
                <select id="personalStatus" required>
                  <option value="pending">Pending</option>
                  <option value="in_progress">In Progress</option>
                  <option value="completed">Completed</option>
                </select>
                <input id="personalDueDate" type="date" />
                <input id="personalDueTime" type="time" />
                <textarea id="personalNotes" placeholder="Notes"></textarea>
                <div class="form-actions span-2">
                  <button class="primary" type="submit">Save Personal Task</button>
                  <button id="clearPersonalTaskBtn" class="ghost" type="button">Clear</button>
                </div>
              </form>
            </div>

            <div class="panel glass">
              <h3>Weekly Timeline</h3>
              <div id="personalTimeline" class="timeline-root"></div>
            </div>
          </div>

          <div id="dashboardProfessionalPanel" class="dashboard-tab-panel">
            <div class="summary-grid" id="professionalWidgetCards"></div>

            <div class="panel glass">
              <div class="panel-head">
                <h3>Professional Task Manager</h3>
                <div class="filter-row">
                  <select id="professionalSeverityFilter">
                    <option value="">All Severity</option>
                    <option value="high">High</option>
                    <option value="medium">Medium</option>
                    <option value="low">Low</option>
                  </select>
                  <select id="professionalStatusFilter">
                    <option value="">All Status</option>
                    <option value="pending">Pending</option>
                    <option value="in_progress">In Progress</option>
                    <option value="completed">Completed</option>
                  </select>
                  <button id="refreshProfessionalTasksBtn" class="ghost">Refresh</button>
                </div>
              </div>

              <form id="professionalTaskForm" class="task-form-grid">
                <input id="professionalTitle" placeholder="Task title" required />
                <input id="professionalProject" placeholder="Project name" required />
                <textarea id="professionalDescription" placeholder="Description"></textarea>
                <select id="professionalSeverity" required>
                  <option value="high">High</option>
                  <option value="medium" selected>Medium</option>
                  <option value="low">Low</option>
                </select>
                <select id="professionalStatus" required>
                  <option value="pending">Pending</option>
                  <option value="in_progress">In Progress</option>
                  <option value="completed">Completed</option>
                </select>
                <select id="professionalAssignedTo"></select>
                <input id="professionalDueDate" type="date" />
                <input id="professionalDueTime" type="time" />
                <textarea id="professionalNotes" placeholder="Notes"></textarea>
                <div class="form-actions span-2">
                  <button class="primary" type="submit">Save Professional Task</button>
                  <button id="clearProfessionalTaskBtn" class="ghost" type="button">Clear</button>
                </div>
              </form>
            </div>

            <div class="panel glass">
              <h3>Weekly Timeline</h3>
              <div id="professionalTimeline" class="timeline-root"></div>
            </div>
          </div>

        </section>

        <section id="lifeCategoryView" class="view">
          <div class="panel glass">
            <h3>Life Categories</h3>
            <div id="categoryGrid" class="category-grid"></div>
          </div>

          <div class="panel glass">
            <div class="panel-head">
              <h3>369 Planner</h3>
              <input id="plannerDate" type="date" />
            </div>
            <div class="planner-columns">
              <div>
                <h4>Morning (3)</h4>
                <div id="morningList"></div>
              </div>
              <div>
                <h4>Afternoon (6)</h4>
                <div id="afternoonList"></div>
              </div>
              <div>
                <h4>Night (9)</h4>
                <div id="nightList"></div>
              </div>
            </div>
            <button id="savePlannerBtn" class="primary">Save Planner</button>
          </div>
        </section>

        <section id="progressView" class="view">
          <div class="progress-layout">
            <div class="panel glass"><canvas id="trendChart"></canvas></div>
            <div class="panel glass"><canvas id="categoryChart"></canvas></div>
          </div>
        </section>

        <section id="completedTasksView" class="view">
          <div class="panel glass">
            <h3>Completed Tasks</h3>
            <div class="summary-grid" id="completedStatsCards"></div>
            <div id="completedTaskList" class="achievement-grid"></div>
          </div>
        </section>

        <section id="settingsView" class="view">
          <div class="panel glass">
            <h3>Theme System</h3>
            <p>Select your style. Saved locally and in local database settings.</p>
            <div class="theme-grid">
              <button class="theme-btn" data-theme="dark">Dark</button>
              <button class="theme-btn" data-theme="light">Light</button>
              <button class="theme-btn" data-theme="anime">Anime</button>
              <button class="theme-btn" data-theme="cyberpunk">Cyberpunk</button>
            </div>
          </div>
        </section>

        <section id="professionalView" class="view">
          <div class="professional-nav">
            <button class="sub-tab-btn active" data-professional-tab="team">Team Members</button>
            <button class="sub-tab-btn" data-professional-tab="vacation">Vacation Calendar</button>
            <button class="sub-tab-btn" data-professional-tab="reassignments">Reassignments</button>
          </div>

          <div id="professionalTeamPanel" class="professional-panel active">
            <div class="panel glass">
              <h3>Team Members</h3>
              <form id="teamMemberForm" class="task-form-grid">
                <input id="teamName" placeholder="Name" required />
                <input id="teamEmail" type="email" placeholder="Email" required />
                <input id="teamRole" placeholder="Role" required />
                <select id="teamStatus">
                  <option value="active">Active</option>
                  <option value="vacation">Vacation</option>
                </select>
                <div class="form-actions span-2">
                  <button class="primary" type="submit">Save Team Member</button>
                  <button id="clearTeamMemberBtn" class="ghost" type="button">Clear</button>
                </div>
              </form>
            </div>
            <div class="panel glass">
              <h3>Member List</h3>
              <div id="teamMemberList" class="journal-list"></div>
            </div>
          </div>

          <div id="professionalVacationPanel" class="professional-panel">
            <div class="panel glass">
              <h3>Vacation Calendar</h3>
              <form id="vacationForm" class="task-form-grid">
                <select id="vacationMember" required></select>
                <input id="vacationStartDate" type="date" required />
                <input id="vacationEndDate" type="date" required />
                <textarea id="vacationReason" placeholder="Reason"></textarea>
                <div class="form-actions span-2">
                  <button class="primary" type="submit">Save Vacation</button>
                  <button id="clearVacationBtn" class="ghost" type="button">Clear</button>
                </div>
              </form>
            </div>
            <div class="panel glass">
              <h3>Vacation List</h3>
              <div id="vacationList" class="journal-list"></div>
            </div>
          </div>

          <div id="professionalReassignPanel" class="professional-panel">
            <div class="panel glass">
              <h3>Task Reassignment</h3>
              <form id="reassignmentForm" class="task-form-grid">
                <select id="reassignmentTask" required></select>
                <select id="reassignmentToMember" required></select>
                <textarea id="reassignmentReason" placeholder="Reason"></textarea>
                <div class="form-actions span-2">
                  <button class="primary" type="submit">Reassign Task</button>
                </div>
              </form>
            </div>
            <div class="panel glass">
              <h3>Reassignment Log</h3>
              <div id="reassignmentList" class="journal-list"></div>
            </div>
          </div>
        </section>

        <section id="focusView" class="view">
          <div class="panel glass">
            <h3>Focus Timer</h3>
            <p class="muted">Preset durations, custom session length, and local session analytics.</p>
            <div id="focusPresetGrid" class="preset-grid">
              <button class="ghost focus-preset" data-minutes="25">25 min</button>
              <button class="ghost focus-preset" data-minutes="30">30 min</button>
              <button class="ghost focus-preset" data-minutes="45">45 min</button>
              <button class="ghost focus-preset" data-minutes="60">60 min</button>
              <button class="ghost focus-preset" data-minutes="90">90 min</button>
            </div>
            <div class="filter-row">
              <input id="focusCustomMinutes" type="number" min="1" max="240" placeholder="Custom minutes" />
              <button id="setCustomFocusBtn" class="ghost">Set Custom</button>
            </div>
            <div class="focus-clock" id="focusClock">25:00</div>
            <div class="form-actions">
              <button id="focusStartBtn" class="primary">Start</button>
              <button id="focusPauseBtn" class="ghost">Pause</button>
              <button id="focusResumeBtn" class="ghost">Resume</button>
              <button id="focusResetBtn" class="ghost">Reset</button>
            </div>
          </div>

          <div class="panel glass">
            <h3>Focus Statistics</h3>
            <div class="summary-grid">
              <article class="summary-card">
                <p>Total Sessions</p>
                <h4 id="focusTotalSessions">0</h4>
              </article>
              <article class="summary-card">
                <p>Total Focus Time</p>
                <h4 id="focusTotalMinutes">0 min</h4>
              </article>
              <article class="summary-card">
                <p>Daily Sessions</p>
                <h4 id="focusDailySessions">0</h4>
              </article>
              <article class="summary-card">
                <p>Weekly Sessions</p>
                <h4 id="focusWeeklySessions">0</h4>
              </article>
            </div>
            <div id="focusSessionList" class="journal-list"></div>
          </div>
        </section>
      </main>
    </div>

    <div id="detailDrawer" class="drawer">
      <div class="drawer-card glass">
        <button id="closeDrawer" class="close-btn">×</button>
        <div id="drawerHeader"></div>
        <div id="activityGroups"></div>
      </div>
    </div>

    <div id="toast" class="toast"></div>

    <script src="/vendor/chart.umd.js"></script>
    <script src="/app.js" defer></script>
  </body>
</html>

============================================================
CREATE PERSONAL TASK
============================================================
REQUEST: POST http://localhost:8080/api/tasks
BODY: {"task_type":"personal","title":"P-20260608220102","description":"http diagnostics personal","severity":"medium","status":"pending","category_id":18,"due_date":null,"due_time":null,"notes":""}
RESPONSE:
{
  "task": {
    "id": "16",
    "task_type": "personal",
    "title": "P-20260608220102",
    "description": "http diagnostics personal",
    "project_name": null,
    "severity": "medium",
    "status": "pending",
    "due_date": null,
    "due_time": null,
    "assigned_to": null,
    "category_id": 18,
    "notes": "",
    "created_at": "2026-06-08 20:01:02.982173+00",
    "updated_at": "2026-06-08 20:01:02.982173+00",
    "category_name": "AI Skills",
    "assigned_name": null,
    "team_member_status": null,
    "has_conflict": false,
    "reassignment_count": 0,
    "conflict": false,
    "conflict_message": null,
    "overdue": false
  }
}

============================================================
CREATE PROFESSIONAL TASK
============================================================
REQUEST: POST http://localhost:8080/api/tasks
BODY: {"task_type":"professional","title":"PR-20260608220102","description":"http diagnostics professional","project_name":"Ops","severity":"high","status":"pending","assigned_to":null,"due_date":null,"due_time":null,"notes":""}
RESPONSE:
{
  "task": {
    "id": "17",
    "task_type": "professional",
    "title": "PR-20260608220102",
    "description": "http diagnostics professional",
    "project_name": "Ops",
    "severity": "high",
    "status": "pending",
    "due_date": null,
    "due_time": null,
    "assigned_to": null,
    "category_id": null,
    "notes": "",
    "created_at": "2026-06-08 20:01:03.018359+00",
    "updated_at": "2026-06-08 20:01:03.018359+00",
    "category_name": null,
    "assigned_name": null,
    "team_member_status": null,
    "has_conflict": false,
    "reassignment_count": 0,
    "conflict": false,
    "conflict_message": null,
    "overdue": false
  }
}

============================================================
LIST PERSONAL TASKS
============================================================
REQUEST: GET http://localhost:8080/api/tasks?task_type=personal
RESPONSE:
{
  "tasks": [
    {
      "id": "5",
      "task_type": "personal",
      "title": "tas",
      "description": "sadsa",
      "project_name": null,
      "severity": "medium",
      "status": "pending",
      "due_date": "2026-06-10",
      "due_time": "17:36",
      "assigned_to": null,
      "category_id": 1,
      "notes": "sadsad",
      "created_at": "2026-06-08 15:35:20.886409+00",
      "updated_at": "2026-06-08 15:35:20.886409+00",
      "category_name": "Career",
      "assigned_name": null,
      "team_member_status": null,
      "has_conflict": false,
      "reassignment_count": 0,
      "conflict": false,
      "conflict_message": null,
      "overdue": false
    },
    {
      "id": "1",
      "task_type": "personal",
      "title": "tas",
      "description": "sdsad",
      "project_name": null,
      "severity": "medium",
      "status": "in_progress",
      "due_date": "2026-06-17",
      "due_time": "15:35",
      "assigned_to": null,
      "category_id": 14,
      "notes": "sad",
      "created_at": "2026-06-08 13:31:29.327495+00",
      "updated_at": "2026-06-08 13:31:29.327495+00",
      "category_name": "Coding",
      "assigned_name": null,
      "team_member_status": null,
      "has_conflict": false,
      "reassignment_count": 0,
      "conflict": false,
      "conflict_message": null,
      "overdue": false
    },
    {
      "id": "16",
      "task_type": "personal",
      "title": "P-20260608220102",
      "description": "http diagnostics personal",
      "project_name": null,
      "severity": "medium",
      "status": "pending",
      "due_date": null,
      "due_time": null,
      "assigned_to": null,
      "category_id": 18,
      "notes": "",
      "created_at": "2026-06-08 20:01:02.982173+00",
      "updated_at": "2026-06-08 20:01:02.982173+00",
      "category_name": "AI Skills",
      "assigned_name": null,
      "team_member_status": null,
      "has_conflict": false,
      "reassignment_count": 0,
      "conflict": false,
      "conflict_message": null,
      "overdue": false
    },
    {
      "id": "14",
      "task_type": "personal",
      "title": "P-20260608220018",
      "description": "http diagnostics personal",
      "project_name": null,
      "severity": "medium",
      "status": "pending",
      "due_date": null,
      "due_time": null,
      "assigned_to": null,
      "category_id": 18,
      "notes": "",
      "created_at": "2026-06-08 20:00:18.617186+00",
      "updated_at": "2026-06-08 20:00:18.617186+00",
      "category_name": "AI Skills",
      "assigned_name": null,
      "team_member_status": null,
      "has_conflict": false,
      "reassignment_count": 0,
      "conflict": false,
      "conflict_message": null,
      "overdue": false
    },
    {
      "id": "12",
      "task_type": "personal",
      "title": "P-20260608220011",
      "description": "http diagnostics personal",
      "project_name": null,
      "severity": "medium",
      "status": "pending",
      "due_date": null,
      "due_time": null,
      "assigned_to": null,
      "category_id": 18,
      "notes": "",
      "created_at": "2026-06-08 20:00:11.377411+00",
      "updated_at": "2026-06-08 20:00:11.377411+00",
      "category_name": "AI Skills",
      "assigned_name": null,
      "team_member_status": null,
      "has_conflict": false,
      "reassignment_count": 0,
      "conflict": false,
      "conflict_message": null,
      "overdue": false
    },
    {
      "id": "11",
      "task_type": "personal",
      "title": "twdf",
      "description": "",
      "project_name": null,
      "severity": "medium",
      "status": "pending",
      "due_date": null,
      "due_time": null,
      "assigned_to": null,
      "category_id": 18,
      "notes": "",
      "created_at": "2026-06-08 19:57:34.294137+00",
      "updated_at": "2026-06-08 19:57:34.294137+00",
      "category_name": "AI Skills",
      "assigned_name": null,
      "team_member_status": null,
      "has_conflict": false,
      "reassignment_count": 0,
      "conflict": false,
      "conflict_message": null,
      "overdue": false
    },
    {
      "id": "9",
      "task_type": "personal",
      "title": "P-20260608184633",
      "description": "new personal",
      "project_name": null,
      "severity": "medium",
      "status": "pending",
      "due_date": null,
      "due_time": null,
      "assigned_to": null,
      "category_id": 18,
      "notes": "",
      "created_at": "2026-06-08 16:46:33.780493+00",
      "updated_at": "2026-06-08 16:46:33.780493+00",
      "category_name": "AI Skills",
      "assigned_name": null,
      "team_member_status": null,
      "has_conflict": false,
      "reassignment_count": 0,
      "conflict": false,
      "conflict_message": null,
      "overdue": false
    },
    {
      "id": "7",
      "task_type": "personal",
      "title": "P-20260608184623",
      "description": "new personal",
      "project_name": null,
      "severity": "medium",
      "status": "pending",
      "due_date": null,
      "due_time": null,
      "assigned_to": null,
      "category_id": 18,
      "notes": "",
      "created_at": "2026-06-08 16:46:23.775381+00",
      "updated_at": "2026-06-08 16:46:23.775381+00",
      "category_name": "AI Skills",
      "assigned_name": null,
      "team_member_status": null,
      "has_conflict": false,
      "reassignment_count": 0,
      "conflict": false,
      "conflict_message": null,
      "overdue": false
    },
    {
      "id": "3",
      "task_type": "personal",
      "title": "Personal QA Task",
      "description": "check visibility",
      "project_name": null,
      "severity": "medium",
      "status": "pending",
      "due_date": null,
      "due_time": null,
      "assigned_to": null,
      "category_id": 18,
      "notes": "",
      "created_at": "2026-06-08 15:27:51.024297+00",
      "updated_at": "2026-06-08 15:27:51.024297+00",
      "category_name": "AI Skills",
      "assigned_name": null,
      "team_member_status": null,
      "has_conflict": false,
      "reassignment_count": 0,
      "conflict": false,
      "conflict_message": null,
      "overdue": false
    }
  ],
  "summary": {
    "total": 9,
    "high": 0,
    "medium": 9,
    "low": 0,
    "pending": 8,
    "in_progress": 1,
    "completed": 0,
    "overdue": 0,
    "conflicts": 0,
    "reassigned": 0
  },
  "widgets": {}
}

============================================================
LIST PROFESSIONAL TASKS
============================================================
REQUEST: GET http://localhost:8080/api/tasks?task_type=professional
RESPONSE:
{
  "tasks": [
    {
      "id": "2",
      "task_type": "professional",
      "title": "test",
      "description": "sadsad",
      "project_name": "test",
      "severity": "medium",
      "status": "pending",
      "due_date": "2026-06-18",
      "due_time": "17:19",
      "assigned_to": null,
      "category_id": null,
      "notes": "adsasd",
      "created_at": "2026-06-08 15:15:48.82841+00",
      "updated_at": "2026-06-08 15:15:48.82841+00",
      "category_name": null,
      "assigned_name": null,
      "team_member_status": null,
      "has_conflict": false,
      "reassignment_count": 0,
      "conflict": false,
      "conflict_message": null,
      "overdue": false
    },
    {
      "id": "6",
      "task_type": "professional",
      "title": "test",
      "description": "sd",
      "project_name": "test",
      "severity": "medium",
      "status": "pending",
      "due_date": "2026-06-23",
      "due_time": null,
      "assigned_to": "1",
      "category_id": null,
      "notes": "",
      "created_at": "2026-06-08 16:41:48.03185+00",
      "updated_at": "2026-06-08 16:41:48.03185+00",
      "category_name": null,
      "assigned_name": "Rudra",
      "team_member_status": "active",
      "has_conflict": false,
      "reassignment_count": 0,
      "conflict": false,
      "conflict_message": null,
      "overdue": false
    },
    {
      "id": "17",
      "task_type": "professional",
      "title": "PR-20260608220102",
      "description": "http diagnostics professional",
      "project_name": "Ops",
      "severity": "high",
      "status": "pending",
      "due_date": null,
      "due_time": null,
      "assigned_to": null,
      "category_id": null,
      "notes": "",
      "created_at": "2026-06-08 20:01:03.018359+00",
      "updated_at": "2026-06-08 20:01:03.018359+00",
      "category_name": null,
      "assigned_name": null,
      "team_member_status": null,
      "has_conflict": false,
      "reassignment_count": 0,
      "conflict": false,
      "conflict_message": null,
      "overdue": false
    },
    {
      "id": "15",
      "task_type": "professional",
      "title": "PR-20260608220018",
      "description": "http diagnostics professional",
      "project_name": "Ops",
      "severity": "high",
      "status": "pending",
      "due_date": null,
      "due_time": null,
      "assigned_to": null,
      "category_id": null,
      "notes": "",
      "created_at": "2026-06-08 20:00:18.642951+00",
      "updated_at": "2026-06-08 20:00:18.642951+00",
      "category_name": null,
      "assigned_name": null,
      "team_member_status": null,
      "has_conflict": false,
      "reassignment_count": 0,
      "conflict": false,
      "conflict_message": null,
      "overdue": false
    },
    {
      "id": "13",
      "task_type": "professional",
      "title": "PR-20260608220011",
      "description": "http diagnostics professional",
      "project_name": "Ops",
      "severity": "high",
      "status": "pending",
      "due_date": null,
      "due_time": null,
      "assigned_to": null,
      "category_id": null,
      "notes": "",
      "created_at": "2026-06-08 20:00:11.412491+00",
      "updated_at": "2026-06-08 20:00:11.412491+00",
      "category_name": null,
      "assigned_name": null,
      "team_member_status": null,
      "has_conflict": false,
      "reassignment_count": 0,
      "conflict": false,
      "conflict_message": null,
      "overdue": false
    },
    {
      "id": "10",
      "task_type": "professional",
      "title": "PR-20260608184633",
      "description": "new professional",
      "project_name": "Ops",
      "severity": "high",
      "status": "pending",
      "due_date": null,
      "due_time": null,
      "assigned_to": null,
      "category_id": null,
      "notes": "",
      "created_at": "2026-06-08 16:46:33.840133+00",
      "updated_at": "2026-06-08 16:46:33.840133+00",
      "category_name": null,
      "assigned_name": null,
      "team_member_status": null,
      "has_conflict": false,
      "reassignment_count": 0,
      "conflict": false,
      "conflict_message": null,
      "overdue": false
    },
    {
      "id": "8",
      "task_type": "professional",
      "title": "PR-20260608184623",
      "description": "new professional",
      "project_name": "Ops",
      "severity": "high",
      "status": "pending",
      "due_date": null,
      "due_time": null,
      "assigned_to": null,
      "category_id": null,
      "notes": "",
      "created_at": "2026-06-08 16:46:23.886922+00",
      "updated_at": "2026-06-08 16:46:23.886922+00",
      "category_name": null,
      "assigned_name": null,
      "team_member_status": null,
      "has_conflict": false,
      "reassignment_count": 0,
      "conflict": false,
      "conflict_message": null,
      "overdue": false
    },
    {
      "id": "4",
      "task_type": "professional",
      "title": "Professional QA Task",
      "description": "check visibility",
      "project_name": "Ops",
      "severity": "high",
      "status": "pending",
      "due_date": null,
      "due_time": null,
      "assigned_to": null,
      "category_id": null,
      "notes": "",
      "created_at": "2026-06-08 15:27:51.091081+00",
      "updated_at": "2026-06-08 15:27:51.091081+00",
      "category_name": null,
      "assigned_name": null,
      "team_member_status": null,
      "has_conflict": false,
      "reassignment_count": 0,
      "conflict": false,
      "conflict_message": null,
      "overdue": false
    }
  ],
  "summary": {
    "total": 8,
    "high": 6,
    "medium": 2,
    "low": 0,
    "pending": 8,
    "in_progress": 0,
    "completed": 0,
    "overdue": 0,
    "conflicts": 0,
    "reassigned": 0
  },
  "widgets": {
    "criticalTasks": 6,
    "overdueTasks": 0,
    "teamAvailability": 1,
    "vacationCoverage": 0,
    "reassignedTasks": 0,
    "coverageTasks": 0
  }
}

============================================================
SEARCH PERSONAL TASK (TIMESTAMP)
============================================================
REQUEST: GET http://localhost:8080/api/tasks?task_type=personal&q=20260608220102
RESPONSE:
{
  "tasks": [
    {
      "id": "16",
      "task_type": "personal",
      "title": "P-20260608220102",
      "description": "http diagnostics personal",
      "project_name": null,
      "severity": "medium",
      "status": "pending",
      "due_date": null,
      "due_time": null,
      "assigned_to": null,
      "category_id": 18,
      "notes": "",
      "created_at": "2026-06-08 20:01:02.982173+00",
      "updated_at": "2026-06-08 20:01:02.982173+00",
      "category_name": "AI Skills",
      "assigned_name": null,
      "team_member_status": null,
      "has_conflict": false,
      "reassignment_count": 0,
      "conflict": false,
      "conflict_message": null,
      "overdue": false
    }
  ],
  "summary": {
    "total": 1,
    "high": 0,
    "medium": 1,
    "low": 0,
    "pending": 1,
    "in_progress": 0,
    "completed": 0,
    "overdue": 0,
    "conflicts": 0,
    "reassigned": 0
  },
  "widgets": {}
}

============================================================
SEARCH PROFESSIONAL TASK (TIMESTAMP)
============================================================
REQUEST: GET http://localhost:8080/api/tasks?task_type=professional&q=20260608220102
RESPONSE:
{
  "tasks": [
    {
      "id": "17",
      "task_type": "professional",
      "title": "PR-20260608220102",
      "description": "http diagnostics professional",
      "project_name": "Ops",
      "severity": "high",
      "status": "pending",
      "due_date": null,
      "due_time": null,
      "assigned_to": null,
      "category_id": null,
      "notes": "",
      "created_at": "2026-06-08 20:01:03.018359+00",
      "updated_at": "2026-06-08 20:01:03.018359+00",
      "category_name": null,
      "assigned_name": null,
      "team_member_status": null,
      "has_conflict": false,
      "reassignment_count": 0,
      "conflict": false,
      "conflict_message": null,
      "overdue": false
    }
  ],
  "summary": {
    "total": 1,
    "high": 1,
    "medium": 0,
    "low": 0,
    "pending": 1,
    "in_progress": 0,
    "completed": 0,
    "overdue": 0,
    "conflicts": 0,
    "reassigned": 0
  },
  "widgets": {
    "criticalTasks": 1,
    "overdueTasks": 0,
    "teamAvailability": 1,
    "vacationCoverage": 0,
    "reassignedTasks": 0,
    "coverageTasks": 0
  }
}

============================================================
SEARCH PROFESSIONAL TASK (OPS KEYWORD)
============================================================
REQUEST: GET http://localhost:8080/api/tasks?task_type=professional&q=ops
RESPONSE:
{
  "tasks": [
    {
      "id": "17",
      "task_type": "professional",
      "title": "PR-20260608220102",
      "description": "http diagnostics professional",
      "project_name": "Ops",
      "severity": "high",
      "status": "pending",
      "due_date": null,
      "due_time": null,
      "assigned_to": null,
      "category_id": null,
      "notes": "",
      "created_at": "2026-06-08 20:01:03.018359+00",
      "updated_at": "2026-06-08 20:01:03.018359+00",
      "category_name": null,
      "assigned_name": null,
      "team_member_status": null,
      "has_conflict": false,
      "reassignment_count": 0,
      "conflict": false,
      "conflict_message": null,
      "overdue": false
    },
    {
      "id": "15",
      "task_type": "professional",
      "title": "PR-20260608220018",
      "description": "http diagnostics professional",
      "project_name": "Ops",
      "severity": "high",
      "status": "pending",
      "due_date": null,
      "due_time": null,
      "assigned_to": null,
      "category_id": null,
      "notes": "",
      "created_at": "2026-06-08 20:00:18.642951+00",
      "updated_at": "2026-06-08 20:00:18.642951+00",
      "category_name": null,
      "assigned_name": null,
      "team_member_status": null,
      "has_conflict": false,
      "reassignment_count": 0,
      "conflict": false,
      "conflict_message": null,
      "overdue": false
    },
    {
      "id": "13",
      "task_type": "professional",
      "title": "PR-20260608220011",
      "description": "http diagnostics professional",
      "project_name": "Ops",
      "severity": "high",
      "status": "pending",
      "due_date": null,
      "due_time": null,
      "assigned_to": null,
      "category_id": null,
      "notes": "",
      "created_at": "2026-06-08 20:00:11.412491+00",
      "updated_at": "2026-06-08 20:00:11.412491+00",
      "category_name": null,
      "assigned_name": null,
      "team_member_status": null,
      "has_conflict": false,
      "reassignment_count": 0,
      "conflict": false,
      "conflict_message": null,
      "overdue": false
    },
    {
      "id": "10",
      "task_type": "professional",
      "title": "PR-20260608184633",
      "description": "new professional",
      "project_name": "Ops",
      "severity": "high",
      "status": "pending",
      "due_date": null,
      "due_time": null,
      "assigned_to": null,
      "category_id": null,
      "notes": "",
      "created_at": "2026-06-08 16:46:33.840133+00",
      "updated_at": "2026-06-08 16:46:33.840133+00",
      "category_name": null,
      "assigned_name": null,
      "team_member_status": null,
      "has_conflict": false,
      "reassignment_count": 0,
      "conflict": false,
      "conflict_message": null,
      "overdue": false
    },
    {
      "id": "8",
      "task_type": "professional",
      "title": "PR-20260608184623",
      "description": "new professional",
      "project_name": "Ops",
      "severity": "high",
      "status": "pending",
      "due_date": null,
      "due_time": null,
      "assigned_to": null,
      "category_id": null,
      "notes": "",
      "created_at": "2026-06-08 16:46:23.886922+00",
      "updated_at": "2026-06-08 16:46:23.886922+00",
      "category_name": null,
      "assigned_name": null,
      "team_member_status": null,
      "has_conflict": false,
      "reassignment_count": 0,
      "conflict": false,
      "conflict_message": null,
      "overdue": false
    },
    {
      "id": "4",
      "task_type": "professional",
      "title": "Professional QA Task",
      "description": "check visibility",
      "project_name": "Ops",
      "severity": "high",
      "status": "pending",
      "due_date": null,
      "due_time": null,
      "assigned_to": null,
      "category_id": null,
      "notes": "",
      "created_at": "2026-06-08 15:27:51.091081+00",
      "updated_at": "2026-06-08 15:27:51.091081+00",
      "category_name": null,
      "assigned_name": null,
      "team_member_status": null,
      "has_conflict": false,
      "reassignment_count": 0,
      "conflict": false,
      "conflict_message": null,
      "overdue": false
    }
  ],
  "summary": {
    "total": 6,
    "high": 6,
    "medium": 0,
    "low": 0,
    "pending": 6,
    "in_progress": 0,
    "completed": 0,
    "overdue": 0,
    "conflicts": 0,
    "reassigned": 0
  },
  "widgets": {
    "criticalTasks": 6,
    "overdueTasks": 0,
    "teamAvailability": 1,
    "vacationCoverage": 0,
    "reassignedTasks": 0,
    "coverageTasks": 0
  }
}

============================================================
COMPLETED TASKS
============================================================
REQUEST: GET http://localhost:8080/api/completed-tasks
RESPONSE:
{
  "items": [],
  "stats": {
    "personal": 0,
    "professional": 0,
    "lifeCategory": 0,
    "total": 0
  }
}

============================================================
TEAM MEMBERS
============================================================
REQUEST: GET http://localhost:8080/api/team-members
RESPONSE:
{
  "members": [
    {
      "id": "1",
      "name": "Rudra",
      "email": "rundra@gmail.com",
      "role": "SOC analyst",
      "status": "active",
      "created_at": "2026-06-08 15:08:20.482322+00"
    }
  ],
  "summary": {
    "active": 1,
    "vacation": 0,
    "archived": 0
  }
}

============================================================
VACATIONS
============================================================
REQUEST: GET http://localhost:8080/api/vacations
RESPONSE:
{
  "vacations": [
    {
      "id": "1",
      "member_id": "1",
      "member_name": "Rudra",
      "start_date": "2026-06-17",
      "end_date": "2026-06-20",
      "reason": "sdsadasdas",
      "created_at": "2026-06-08 15:09:19.648302+00"
    }
  ]
}

============================================================
REASSIGNMENTS
============================================================
REQUEST: GET http://localhost:8080/api/reassignments
RESPONSE:
{
  "reassignments": []
}

============================================================
FOCUS SESSIONS
============================================================
REQUEST: GET http://localhost:8080/api/focus-sessions
RESPONSE:
{
  "sessions": [],
  "stats": {
    "totalSessions": 0,
    "totalFocusTime": 0,
    "dailySessions": 0,
    "weeklySessions": 0
  }
}

============================================================
APP.JS MARKERS
============================================================
FOUND: resetTaskSearchAndFilters
FOUND: /api/life-category/planner
FOUND: dashboardTaskSearch
FOUND: /api/completed-tasks

============================================================
DONE
============================================================
Share this full output in chat.
